<?xml version="1.0" encoding="UTF-8"?>
<!-- Generated by org.testng.reporters.JUnitXMLReporter -->
<testsuite ignored="0" hostname="LAPTOP-9MJU3PDQ" failures="1" tests="3" name="Test" time="20.263" errors="0" timestamp="2022-01-11T11:54:36 IST">
  <testcase classname="Test.PracticeProject.UsingAssertion" name="validation" time="0.119">
    <failure type="java.lang.AssertionError" message="The following asserts failed:
	expected [FEATURED COURSE] but found [FEATURED COURSES]">
      <![CDATA[java.lang.AssertionError: The following asserts failed:
expected [FEATURED COURSE] but found [FEATURED COURSES]
at Test.PracticeProject.UsingAssertion.validation(UsingAssertion.java:39)
at java.base/java.util.ArrayList.forEach(ArrayList.java:1511)
at java.base/java.util.concurrent.FutureTask.run(FutureTask.java:264)
at java.base/java.util.concurrent.ThreadPoolExecutor.runWorker(ThreadPoolExecutor.java:1130)
at java.base/java.util.concurrent.ThreadPoolExecutor$Worker.run(ThreadPoolExecutor.java:630)
at java.base/java.lang.Thread.run(Thread.java:831)
... Removed 20 stack frames]]>
    </failure>
  </testcase> <!-- validation -->
  <testcase classname="Test.PracticeProject.HomePage" name="basePageNavigation" time="5.237"/>
  <testcase classname="Test.PracticeProject.HomePage" name="basePageNavigation" time="2.491"/>
</testsuite> <!-- Test -->
