<?xml version="1.0" encoding="UTF-8"?>
<testng-results ignored="0" total="3" passed="3" failed="0" skipped="0">
  <reporter-output>
  </reporter-output>
  <suite started-at="2022-01-07T17:25:38 IST" name="Suite" finished-at="2022-01-07T17:25:57 IST" duration-ms="19280">
    <groups>
    </groups>
    <test started-at="2022-01-07T17:25:38 IST" name="Test" finished-at="2022-01-07T17:25:57 IST" duration-ms="19280">
      <class name="Test.PracticeProject.UsingAssertion">
        <test-method is-config="true" signature="initialize()[pri:0, instance:Test.PracticeProject.UsingAssertion@3e84448c]" started-at="2022-01-07T17:25:41 IST" name="initialize" finished-at="2022-01-07T17:25:50 IST" duration-ms="9422" status="PASS">
          <reporter-output>
          </reporter-output>
        </test-method> <!-- initialize -->
        <test-method signature="validation()[pri:0, instance:Test.PracticeProject.UsingAssertion@3e84448c]" started-at="2022-01-07T17:25:50 IST" name="validation" finished-at="2022-01-07T17:25:50 IST" duration-ms="51" status="PASS">
          <reporter-output>
          </reporter-output>
        </test-method> <!-- validation -->
        <test-method is-config="true" signature="closeDriver()[pri:0, instance:Test.PracticeProject.UsingAssertion@3e84448c]" started-at="2022-01-07T17:25:57 IST" name="closeDriver" finished-at="2022-01-07T17:25:57 IST" duration-ms="83" status="PASS">
          <reporter-output>
          </reporter-output>
        </test-method> <!-- closeDriver -->
      </class> <!-- Test.PracticeProject.UsingAssertion -->
      <class name="Test.PracticeProject.HomePage">
        <test-method is-config="true" signature="initialize()[pri:0, instance:Test.PracticeProject.HomePage@5e8ac0e1]" started-at="2022-01-07T17:25:38 IST" name="initialize" finished-at="2022-01-07T17:25:41 IST" duration-ms="2706" status="PASS">
          <reporter-output>
          </reporter-output>
        </test-method> <!-- initialize -->
        <test-method signature="basePageNavigation(java.lang.String,java.lang.String)[pri:0, instance:Test.PracticeProject.HomePage@5e8ac0e1]" started-at="2022-01-07T17:25:50 IST" name="basePageNavigation" data-provider="getData" finished-at="2022-01-07T17:25:55 IST" duration-ms="4502" status="PASS">
          <params>
            <param index="0">
              <value>
                <![CDATA[user1]]>
              </value>
            </param>
            <param index="1">
              <value>
                <![CDATA[pass1]]>
              </value>
            </param>
          </params>
          <reporter-output>
          </reporter-output>
        </test-method> <!-- basePageNavigation -->
        <test-method signature="basePageNavigation(java.lang.String,java.lang.String)[pri:0, instance:Test.PracticeProject.HomePage@5e8ac0e1]" started-at="2022-01-07T17:25:55 IST" name="basePageNavigation" data-provider="getData" finished-at="2022-01-07T17:25:56 IST" duration-ms="1658" status="PASS">
          <params>
            <param index="0">
              <value>
                <![CDATA[user2]]>
              </value>
            </param>
            <param index="1">
              <value>
                <![CDATA[pass2]]>
              </value>
            </param>
          </params>
          <reporter-output>
          </reporter-output>
        </test-method> <!-- basePageNavigation -->
        <test-method is-config="true" signature="closeDriver()[pri:0, instance:Test.PracticeProject.HomePage@5e8ac0e1]" started-at="2022-01-07T17:25:56 IST" name="closeDriver" finished-at="2022-01-07T17:25:57 IST" duration-ms="809" status="PASS">
          <reporter-output>
          </reporter-output>
        </test-method> <!-- closeDriver -->
      </class> <!-- Test.PracticeProject.HomePage -->
    </test> <!-- Test -->
  </suite> <!-- Suite -->
</testng-results>
